-- The C compiler identification is GNU 11.4.0
-- The CXX compiler identification is GNU 11.4.0
-- Detecting C compiler ABI info
-- Detecting C compiler ABI info - done
-- Check for working C compiler: /usr/bin/cc - skipped
-- Detecting C compile features
-- Detecting C compile features - done
-- Detecting CXX compiler ABI info
-- Detecting CXX compiler ABI info - done
-- Check for working CXX compiler: /usr/bin/c++ - skipped
-- Detecting CXX compile features
-- Detecting CXX compile features - done
-- Found ament_cmake: 1.3.9 (/opt/ros/humble/share/ament_cmake/cmake)
-- Found Python3: /usr/bin/python3 (found version "3.10.12") found components: Interpreter 
-- Found rclcpp: 16.0.9 (/opt/ros/humble/share/rclcpp/cmake)
-- Found rosidl_generator_c: 3.1.5 (/opt/ros/humble/share/rosidl_generator_c/cmake)
-- Found rosidl_adapter: 3.1.5 (/opt/ros/humble/share/rosidl_adapter/cmake)
-- Found rosidl_generator_cpp: 3.1.5 (/opt/ros/humble/share/rosidl_generator_cpp/cmake)
-- Using all available rosidl_typesupport_c: rosidl_typesupport_fastrtps_c;rosidl_typesupport_introspection_c
-- Using all available rosidl_typesupport_cpp: rosidl_typesupport_fastrtps_cpp;rosidl_typesupport_introspection_cpp
-- Found rmw_implementation_cmake: 6.1.2 (/opt/ros/humble/share/rmw_implementation_cmake/cmake)
-- Found rmw_fastrtps_cpp: 6.2.6 (/opt/ros/humble/share/rmw_fastrtps_cpp/cmake)
-- Found OpenSSL: /usr/lib/x86_64-linux-gnu/libcrypto.so (found version "3.0.2")  
-- Found FastRTPS: /opt/ros/humble/include  
-- Using RMW implementation 'rmw_fastrtps_cpp' as default
-- Looking for pthread.h
-- Looking for pthread.h - found
-- Performing Test CMAKE_HAVE_LIBC_PTHREAD
-- Performing Test CMAKE_HAVE_LIBC_PTHREAD - Success
-- Found Threads: TRUE  
-- Found turtlesim: 1.4.2 (/opt/ros/humble/share/turtlesim/cmake)
-- Found geometry_msgs: 4.2.4 (/opt/ros/humble/share/geometry_msgs/cmake)
-- Configuring done
-- Generating done
-- Build files have been written to: /home/vedh/workspaces/Ros2_project_turtle_follower/build/t_follower_pkg
[ 50%] [32mBuilding CXX object CMakeFiles/t_follower_sub.dir/src/t_follower.cpp.o[0m
[100%] [32m[1mLinking CXX executable t_follower_sub[0m
[100%] Built target t_follower_sub
-- Install configuration: ""
-- Installing: /home/vedh/workspaces/Ros2_project_turtle_follower/install/t_follower_pkg/lib/t_follower_pkg/t_follower_sub
-- Set runtime path of "/home/vedh/workspaces/Ros2_project_turtle_follower/install/t_follower_pkg/lib/t_follower_pkg/t_follower_sub" to ""
-- Installing: /home/vedh/workspaces/Ros2_project_turtle_follower/install/t_follower_pkg/share/t_follower_pkg/launch
-- Installing: /home/vedh/workspaces/Ros2_project_turtle_follower/install/t_follower_pkg/share/t_follower_pkg/launch/t_follower_launch.py
-- Installing: /home/vedh/workspaces/Ros2_project_turtle_follower/install/t_follower_pkg/share/ament_index/resource_index/package_run_dependencies/t_follower_pkg
-- Installing: /home/vedh/workspaces/Ros2_project_turtle_follower/install/t_follower_pkg/share/ament_index/resource_index/parent_prefix_path/t_follower_pkg
-- Installing: /home/vedh/workspaces/Ros2_project_turtle_follower/install/t_follower_pkg/share/t_follower_pkg/environment/ament_prefix_path.sh
-- Installing: /home/vedh/workspaces/Ros2_project_turtle_follower/install/t_follower_pkg/share/t_follower_pkg/environment/ament_prefix_path.dsv
-- Installing: /home/vedh/workspaces/Ros2_project_turtle_follower/install/t_follower_pkg/share/t_follower_pkg/environment/path.sh
-- Installing: /home/vedh/workspaces/Ros2_project_turtle_follower/install/t_follower_pkg/share/t_follower_pkg/environment/path.dsv
-- Installing: /home/vedh/workspaces/Ros2_project_turtle_follower/install/t_follower_pkg/share/t_follower_pkg/local_setup.bash
-- Installing: /home/vedh/workspaces/Ros2_project_turtle_follower/install/t_follower_pkg/share/t_follower_pkg/local_setup.sh
-- Installing: /home/vedh/workspaces/Ros2_project_turtle_follower/install/t_follower_pkg/share/t_follower_pkg/local_setup.zsh
-- Installing: /home/vedh/workspaces/Ros2_project_turtle_follower/install/t_follower_pkg/share/t_follower_pkg/local_setup.dsv
-- Installing: /home/vedh/workspaces/Ros2_project_turtle_follower/install/t_follower_pkg/share/t_follower_pkg/package.dsv
-- Installing: /home/vedh/workspaces/Ros2_project_turtle_follower/install/t_follower_pkg/share/ament_index/resource_index/packages/t_follower_pkg
-- Installing: /home/vedh/workspaces/Ros2_project_turtle_follower/install/t_follower_pkg/share/t_follower_pkg/cmake/t_follower_pkgConfig.cmake
-- Installing: /home/vedh/workspaces/Ros2_project_turtle_follower/install/t_follower_pkg/share/t_follower_pkg/cmake/t_follower_pkgConfig-version.cmake
-- Installing: /home/vedh/workspaces/Ros2_project_turtle_follower/install/t_follower_pkg/share/t_follower_pkg/package.xml
