[0.517s] Invoking command in '/home/vedh/workspaces/Ros2_project_turtle_follower/src/turtlechaser-main': PYTHONPATH=/home/vedh/workspaces/Ros2_project_turtle_follower/build/turtlechaser/prefix_override:/usr/lib/python3/dist-packages/colcon_core/task/python/colcon_distutils_commands:/home/vedh/workspaces/Ros2_project_turtle_follower/install/turtlechaser/lib/python3.10/site-packages:${PYTHONPATH} /usr/bin/python3 -W ignore:setup.py install is deprecated setup.py egg_info --egg-base ../../build/turtlechaser build --build-base /home/vedh/workspaces/Ros2_project_turtle_follower/build/turtlechaser/build install --record /home/vedh/workspaces/Ros2_project_turtle_follower/build/turtlechaser/install.log --single-version-externally-managed install_data
[0.618s] /home/vedh/.local/lib/python3.10/site-packages/setuptools/_distutils/dist.py:268: UserWarning: Unknown distribution option: 'tests_require'
[0.618s]   warnings.warn(msg)
[0.681s] running egg_info
[0.681s] creating ../../build/turtlechaser/turtlechaser.egg-info
[0.691s] writing ../../build/turtlechaser/turtlechaser.egg-info/PKG-INFO
[0.691s] writing dependency_links to ../../build/turtlechaser/turtlechaser.egg-info/dependency_links.txt
[0.691s] writing entry points to ../../build/turtlechaser/turtlechaser.egg-info/entry_points.txt
[0.691s] writing requirements to ../../build/turtlechaser/turtlechaser.egg-info/requires.txt
[0.692s] writing top-level names to ../../build/turtlechaser/turtlechaser.egg-info/top_level.txt
[0.692s] writing manifest file '../../build/turtlechaser/turtlechaser.egg-info/SOURCES.txt'
[0.712s] reading manifest file '../../build/turtlechaser/turtlechaser.egg-info/SOURCES.txt'
[0.713s] adding license file 'LICENSE'
[0.713s] writing manifest file '../../build/turtlechaser/turtlechaser.egg-info/SOURCES.txt'
[0.713s] running build
[0.713s] running build_py
[0.713s] creating /home/vedh/workspaces/Ros2_project_turtle_follower/build/turtlechaser/build
[0.713s] creating /home/vedh/workspaces/Ros2_project_turtle_follower/build/turtlechaser/build/lib
[0.713s] creating /home/vedh/workspaces/Ros2_project_turtle_follower/build/turtlechaser/build/lib/turtlechaser
[0.713s] copying turtlechaser/controller.py -> /home/vedh/workspaces/Ros2_project_turtle_follower/build/turtlechaser/build/lib/turtlechaser
[0.713s] copying turtlechaser/__init__.py -> /home/vedh/workspaces/Ros2_project_turtle_follower/build/turtlechaser/build/lib/turtlechaser
[0.713s] copying turtlechaser/spawner.py -> /home/vedh/workspaces/Ros2_project_turtle_follower/build/turtlechaser/build/lib/turtlechaser
[0.714s] running install
[0.716s] running install_lib
[0.727s] creating /home/vedh/workspaces/Ros2_project_turtle_follower/install/turtlechaser/lib/python3.10/site-packages/turtlechaser
[0.727s] copying /home/vedh/workspaces/Ros2_project_turtle_follower/build/turtlechaser/build/lib/turtlechaser/controller.py -> /home/vedh/workspaces/Ros2_project_turtle_follower/install/turtlechaser/lib/python3.10/site-packages/turtlechaser
[0.727s] copying /home/vedh/workspaces/Ros2_project_turtle_follower/build/turtlechaser/build/lib/turtlechaser/__init__.py -> /home/vedh/workspaces/Ros2_project_turtle_follower/install/turtlechaser/lib/python3.10/site-packages/turtlechaser
[0.727s] copying /home/vedh/workspaces/Ros2_project_turtle_follower/build/turtlechaser/build/lib/turtlechaser/spawner.py -> /home/vedh/workspaces/Ros2_project_turtle_follower/install/turtlechaser/lib/python3.10/site-packages/turtlechaser
[0.728s] byte-compiling /home/vedh/workspaces/Ros2_project_turtle_follower/install/turtlechaser/lib/python3.10/site-packages/turtlechaser/controller.py to controller.cpython-310.pyc
[0.728s] byte-compiling /home/vedh/workspaces/Ros2_project_turtle_follower/install/turtlechaser/lib/python3.10/site-packages/turtlechaser/__init__.py to __init__.cpython-310.pyc
[0.728s] byte-compiling /home/vedh/workspaces/Ros2_project_turtle_follower/install/turtlechaser/lib/python3.10/site-packages/turtlechaser/spawner.py to spawner.cpython-310.pyc
[0.728s] running install_data
[0.728s] creating /home/vedh/workspaces/Ros2_project_turtle_follower/install/turtlechaser/share/ament_index
[0.728s] creating /home/vedh/workspaces/Ros2_project_turtle_follower/install/turtlechaser/share/ament_index/resource_index
[0.728s] creating /home/vedh/workspaces/Ros2_project_turtle_follower/install/turtlechaser/share/ament_index/resource_index/packages
[0.728s] copying resource/turtlechaser -> /home/vedh/workspaces/Ros2_project_turtle_follower/install/turtlechaser/share/ament_index/resource_index/packages
[0.729s] copying package.xml -> /home/vedh/workspaces/Ros2_project_turtle_follower/install/turtlechaser/share/turtlechaser
[0.729s] copying launch/turtlechaser.launch.py -> /home/vedh/workspaces/Ros2_project_turtle_follower/install/turtlechaser/share/turtlechaser
[0.729s] running install_egg_info
[0.739s] Copying ../../build/turtlechaser/turtlechaser.egg-info to /home/vedh/workspaces/Ros2_project_turtle_follower/install/turtlechaser/lib/python3.10/site-packages/turtlechaser-0.0.0-py3.10.egg-info
[0.740s] running install_scripts
[0.824s] Installing chaser script to /home/vedh/workspaces/Ros2_project_turtle_follower/install/turtlechaser/lib/turtlechaser
[0.824s] Installing spawner script to /home/vedh/workspaces/Ros2_project_turtle_follower/install/turtlechaser/lib/turtlechaser
[0.824s] writing list of installed files to '/home/vedh/workspaces/Ros2_project_turtle_follower/build/turtlechaser/install.log'
[0.840s] Invoked command in '/home/vedh/workspaces/Ros2_project_turtle_follower/src/turtlechaser-main' returned '0': PYTHONPATH=/home/vedh/workspaces/Ros2_project_turtle_follower/build/turtlechaser/prefix_override:/usr/lib/python3/dist-packages/colcon_core/task/python/colcon_distutils_commands:/home/vedh/workspaces/Ros2_project_turtle_follower/install/turtlechaser/lib/python3.10/site-packages:${PYTHONPATH} /usr/bin/python3 -W ignore:setup.py install is deprecated setup.py egg_info --egg-base ../../build/turtlechaser build --build-base /home/vedh/workspaces/Ros2_project_turtle_follower/build/turtlechaser/build install --record /home/vedh/workspaces/Ros2_project_turtle_follower/build/turtlechaser/install.log --single-version-externally-managed install_data
